  1056_Georgescu_Ionut_Bogdan_tema4.c
C:\Users\bogda\OneDrive\Desktop\ASE-CSIE\anul_2_semestrul_2\structuri de date\seminar\teme\Tema_4_SDD\Tema_4_SDD\1056_Georgescu_Ionut_Bogdan_tema4.c(173,15): warning C4244: '=': conversion from 'double' to 'float', possible loss of data
C:\Users\bogda\OneDrive\Desktop\ASE-CSIE\anul_2_semestrul_2\structuri de date\seminar\teme\Tema_4_SDD\Tema_4_SDD\1056_Georgescu_Ionut_Bogdan_tema4.c(328,17): warning C4047: 'function': 'Train **' differs in levels of indirection from 'Train *'
C:\Users\bogda\OneDrive\Desktop\ASE-CSIE\anul_2_semestrul_2\structuri de date\seminar\teme\Tema_4_SDD\Tema_4_SDD\1056_Georgescu_Ionut_Bogdan_tema4.c(328,17): warning C4024: 'buildMaxHeap': different types for formal and actual parameter 1
C:\Users\bogda\OneDrive\Desktop\ASE-CSIE\anul_2_semestrul_2\structuri de date\seminar\teme\Tema_4_SDD\Tema_4_SDD\1056_Georgescu_Ionut_Bogdan_tema4.c(346,15): warning C4047: 'function': 'Train **' differs in levels of indirection from 'Train *'
C:\Users\bogda\OneDrive\Desktop\ASE-CSIE\anul_2_semestrul_2\structuri de date\seminar\teme\Tema_4_SDD\Tema_4_SDD\1056_Georgescu_Ionut_Bogdan_tema4.c(346,15): warning C4024: 'swapTrains': different types for formal and actual parameter 1
C:\Users\bogda\OneDrive\Desktop\ASE-CSIE\anul_2_semestrul_2\structuri de date\seminar\teme\Tema_4_SDD\Tema_4_SDD\1056_Georgescu_Ionut_Bogdan_tema4.c(346,26): warning C4047: 'function': 'Train **' differs in levels of indirection from 'Train *'
C:\Users\bogda\OneDrive\Desktop\ASE-CSIE\anul_2_semestrul_2\structuri de date\seminar\teme\Tema_4_SDD\Tema_4_SDD\1056_Georgescu_Ionut_Bogdan_tema4.c(346,26): warning C4024: 'swapTrains': different types for formal and actual parameter 2
C:\Users\bogda\OneDrive\Desktop\ASE-CSIE\anul_2_semestrul_2\structuri de date\seminar\teme\Tema_4_SDD\Tema_4_SDD\1056_Georgescu_Ionut_Bogdan_tema4.c(349,13): warning C4047: 'function': 'Train **' differs in levels of indirection from 'Train *'
C:\Users\bogda\OneDrive\Desktop\ASE-CSIE\anul_2_semestrul_2\structuri de date\seminar\teme\Tema_4_SDD\Tema_4_SDD\1056_Georgescu_Ionut_Bogdan_tema4.c(349,13): warning C4024: 'swapTrains': different types for formal and actual parameter 1
C:\Users\bogda\OneDrive\Desktop\ASE-CSIE\anul_2_semestrul_2\structuri de date\seminar\teme\Tema_4_SDD\Tema_4_SDD\1056_Georgescu_Ionut_Bogdan_tema4.c(349,28): warning C4047: 'function': 'Train **' differs in levels of indirection from 'Train *'
C:\Users\bogda\OneDrive\Desktop\ASE-CSIE\anul_2_semestrul_2\structuri de date\seminar\teme\Tema_4_SDD\Tema_4_SDD\1056_Georgescu_Ionut_Bogdan_tema4.c(349,28): warning C4024: 'swapTrains': different types for formal and actual parameter 2
C:\Users\bogda\OneDrive\Desktop\ASE-CSIE\anul_2_semestrul_2\structuri de date\seminar\teme\Tema_4_SDD\Tema_4_SDD\1056_Georgescu_Ionut_Bogdan_tema4.c(356,22): warning C4047: 'function': 'Train *' differs in levels of indirection from 'Train **'
C:\Users\bogda\OneDrive\Desktop\ASE-CSIE\anul_2_semestrul_2\structuri de date\seminar\teme\Tema_4_SDD\Tema_4_SDD\1056_Georgescu_Ionut_Bogdan_tema4.c(356,22): warning C4024: 'partition': different types for formal and actual parameter 1
C:\Users\bogda\OneDrive\Desktop\ASE-CSIE\anul_2_semestrul_2\structuri de date\seminar\teme\Tema_4_SDD\Tema_4_SDD\1056_Georgescu_Ionut_Bogdan_tema4.c(357,13): warning C4047: 'function': 'Train **' differs in levels of indirection from 'Train ***'
C:\Users\bogda\OneDrive\Desktop\ASE-CSIE\anul_2_semestrul_2\structuri de date\seminar\teme\Tema_4_SDD\Tema_4_SDD\1056_Georgescu_Ionut_Bogdan_tema4.c(357,13): warning C4024: 'quickSort': different types for formal and actual parameter 1
C:\Users\bogda\OneDrive\Desktop\ASE-CSIE\anul_2_semestrul_2\structuri de date\seminar\teme\Tema_4_SDD\Tema_4_SDD\1056_Georgescu_Ionut_Bogdan_tema4.c(358,13): warning C4047: 'function': 'Train **' differs in levels of indirection from 'Train ***'
C:\Users\bogda\OneDrive\Desktop\ASE-CSIE\anul_2_semestrul_2\structuri de date\seminar\teme\Tema_4_SDD\Tema_4_SDD\1056_Georgescu_Ionut_Bogdan_tema4.c(358,13): warning C4024: 'quickSort': different types for formal and actual parameter 1
C:\Users\bogda\OneDrive\Desktop\ASE-CSIE\anul_2_semestrul_2\structuri de date\seminar\teme\Tema_4_SDD\Tema_4_SDD\1056_Georgescu_Ionut_Bogdan_tema4.c(412,17): warning C4047: 'function': 'Train **' differs in levels of indirection from 'Train *'
C:\Users\bogda\OneDrive\Desktop\ASE-CSIE\anul_2_semestrul_2\structuri de date\seminar\teme\Tema_4_SDD\Tema_4_SDD\1056_Georgescu_Ionut_Bogdan_tema4.c(412,17): warning C4024: 'buildMaxHeap': different types for formal and actual parameter 1
  Tema_4_SDD.vcxproj -> C:\Users\bogda\OneDrive\Desktop\ASE-CSIE\anul_2_semestrul_2\structuri de date\seminar\teme\Tema_4_SDD\x64\Debug\Tema_4_SDD.exe
